(#f
 start
 0
 "salmonella -- a tool for testing Chicken eggs (http://wiki.call-cc.org/egg/salmonella)\n\nStarted on Sun Dec 21 18:25:52 2014\nCommand line: salmonella retrieving ... connecting to host \"chicken.kitten-technologies.co.uk\", port 80 ... requesting \"/henrietta.cgi?name=readline&mode=default\" ... reading response ... HTTP/1.1 200 OK Date: Mon, 22 Dec 2014 01:25:39 GMT Server: Apache/2.2.29 (Unix) DAV/2 SVN/1.8.10 PHP/5.4.32 mod_fastcgi/2.4.6 Connection: close Transfer-Encoding: chunked Content-Type: text/plain reading chunks ... reading files ... ./changelog ./readline-egg.c ./readline-test.scm ./readline.meta ./readline.scm ./readline.setup readline located at /tmp/tempf84b.30392/readline checking platform for `readline' ... checking dependencies for `readline' ... install order: (\"readline\") installing readline:2.2 ... changing current directory to /tmp/tempf84b.30392/readline '/usr/bin/csi' -bnq -setup-mode -e \"(require-library setup-api)\" -e \"(import setup-api)\" -e \"(setup-error-handling)\" -e \"(extension-name-and-version '(\\\"readline\\\" \\\"2.2\\\"))\" -e \"(sudo-install #t)\" 'readline.setup' trying: -ltermcap '/usr/bin/csc' -feature compiling-extension -setup-mode readline-test.scm -lreadline -lhistory -ltermcap '/usr/bin/csc' -feature compiling-extension -setup-mode -s -O2 readline.scm -C -D_HAVE_LIBBSD=1 -lreadline -lhistory -lbsd -ltermcap '/usr/bin/csc' -feature compiling-extension -setup-mode -C -D_HAVE_LIBBSD=1 -c -O2 -d0 -j readline readline.scm -o readline-static.o -unit readline -lreadline -lhistory -lbsd -ltermcap '/usr/bin/csc' -feature compiling-extension -setup-mode -s -O2 -d0 readline.import.scm sudo cp -r 'readline.so' '/usr/lib/chicken/7/readline.so' sudo chmod a+r '/usr/lib/chicken/7/readline.so' sudo cp -r 'readline.import.so' '/usr/lib/chicken/7/readline.import.so' sudo chmod a+r '/usr/lib/chicken/7/readline.import.so' sudo cp -r 'readline-static.o' '/usr/lib/chicken/7/readline-static.o' sudo chmod a+r '/usr/lib/chicken/7/readline-static.o' sudo mv '/tmp/temp720d.30394.tmp' '/usr/lib/chicken/7/readline.setup-info' sudo chmod a+r '/usr/lib/chicken/7/readline.setup-info'\n\nOptions:\n  chicken-install: /usr/bin/chicken-install\n  repo-dir: /home/alexej/code/readline/tags/2.2/salmonella-tmp-cd296/repo\n  chicken-install-args:  -prefix /home/alexej/code/readline/tags/2.2/salmonella-tmp-cd296/repo -test\n\nChicken banner:\n\nCHICKEN\n(c) 2008-2014, The Chicken Team\n(c) 2000-2007, Felix L. Winkelmann\nVersion 4.9.0.1 (stability/4.9.0) (rev 8b3189b)\nlinux-unix-gnu-x86-64 [ 64bit manyargs dload ptables ]\nbootstrapped 2014-06-07\n\n\nEnvironment variables:\n  SALMONELLA_RUNNING: 1\n  CHICKEN_INSTALL_PREFIX: /home/alexej/code/readline/tags/2.2/salmonella-tmp-cd296/repo\n  CHICKEN_INCLUDE_PATH: /home/alexej/code/readline/tags/2.2/salmonella-tmp-cd296/repo/share/chicken\n  CHICKEN_C_INCLUDE_PATH: /home/alexej/code/readline/tags/2.2/salmonella-tmp-cd296/repo/include/chicken\n  CHICKEN_REPOSITORY: /home/alexej/code/readline/tags/2.2/salmonella-tmp-cd296/repo/lib/chicken/7\n  CHICKEN_HOME: (not set)\n  CSC_OPTIONS: (not set)\n  PATH: /home/alexej/code/readline/tags/2.2/salmonella-tmp-cd296/repo/bin:/usr/bin:/home/alexej/docs/A/bin:/home/alexej/code/misc/bin:/home/alexej/perl5bin:/home/alexej/bin:/usr/local/plan9/bin:/usr/lib/colorgcc/bin/usr/local/sbin:/usr/local/bin:/usr/bin:/usr/lib/jvm/default/bin:/usr/bin/site_perl:/usr/bin/vendor_perl:/usr/bin/core_perl:/usr/lib/plan9/bin:/home/alexej/.gem/ruby/2.1.0/bin\n"
 1419211552.0)
(retrieving
  fetch
  1
  "/usr/bin/chicken-install -r  -prefix /home/alexej/code/readline/tags/2.2/salmonella-tmp-cd296/repo -test retrieving\nretrieving ...\nconnecting to host \"chicken.kitten-technologies.co.uk\", port 80 ...\nrequesting \"/henrietta.cgi?name=retrieving&mode=default&tests=yes\" ...\nreading response ...\nHTTP/1.1 200 OK\nDate: Mon, 22 Dec 2014 01:25:53 GMT\nServer: Apache/2.2.29 (Unix) DAV/2 SVN/1.8.10 PHP/5.4.32 mod_fastcgi/2.4.6\nConnection: close\nContent-Length: 56\nContent-Type: text/plain\nreading files ...\n\n\nError: unrecognized file-information - possibly corrupt transmission: \"(error \\\"no such extension or version\\\" \\\"retrieving\\\" #f)\"\n"
  0.0)
(retrieving check-doc 1 "" 0.0)
(... fetch
     1
     "/usr/bin/chicken-install -r  -prefix /home/alexej/code/readline/tags/2.2/salmonella-tmp-cd296/repo -test ...\nretrieving ...\nconnecting to host \"chicken.kitten-technologies.co.uk\", port 80 ...\nrequesting \"/henrietta.cgi?name=...&mode=default&tests=yes\" ...\nreading response ...\nHTTP/1.1 200 OK\nDate: Mon, 22 Dec 2014 01:25:54 GMT\nServer: Apache/2.2.29 (Unix) DAV/2 SVN/1.8.10 PHP/5.4.32 mod_fastcgi/2.4.6\nConnection: close\nContent-Length: 34\nContent-Type: text/plain\nreading files ...\n\n\nError: unrecognized file-information - possibly corrupt transmission: \"(error \\\"illegal egg name\\\" \\\"...\\\")\"\n"
     1.0)
(... check-doc 1 "" 0.0)
(connecting
  fetch
  1
  "/usr/bin/chicken-install -r  -prefix /home/alexej/code/readline/tags/2.2/salmonella-tmp-cd296/repo -test connecting\nretrieving ...\nconnecting to host \"chicken.kitten-technologies.co.uk\", port 80 ...\nrequesting \"/henrietta.cgi?name=connecting&mode=default&tests=yes\" ...\nreading response ...\nHTTP/1.1 200 OK\nDate: Mon, 22 Dec 2014 01:25:55 GMT\nServer: Apache/2.2.29 (Unix) DAV/2 SVN/1.8.10 PHP/5.4.32 mod_fastcgi/2.4.6\nConnection: close\nContent-Length: 56\nContent-Type: text/plain\nreading files ...\n\n\nError: unrecognized file-information - possibly corrupt transmission: \"(error \\\"no such extension or version\\\" \\\"connecting\\\" #f)\"\n"
  0.0)
(connecting check-doc 1 "" 1.0)
(to fetch
    1
    "/usr/bin/chicken-install -r  -prefix /home/alexej/code/readline/tags/2.2/salmonella-tmp-cd296/repo -test to\nretrieving ...\nconnecting to host \"chicken.kitten-technologies.co.uk\", port 80 ...\nrequesting \"/henrietta.cgi?name=to&mode=default&tests=yes\" ...\nreading response ...\nHTTP/1.1 200 OK\nDate: Mon, 22 Dec 2014 01:25:56 GMT\nServer: Apache/2.2.29 (Unix) DAV/2 SVN/1.8.10 PHP/5.4.32 mod_fastcgi/2.4.6\nConnection: close\nContent-Length: 48\nContent-Type: text/plain\nreading files ...\n\n\nError: unrecognized file-information - possibly corrupt transmission: \"(error \\\"no such extension or version\\\" \\\"to\\\" #f)\"\n"
    0.0)
(to check-doc 1 "" 0.0)
(host fetch
      1
      "/usr/bin/chicken-install -r  -prefix /home/alexej/code/readline/tags/2.2/salmonella-tmp-cd296/repo -test host\nretrieving ...\nconnecting to host \"chicken.kitten-technologies.co.uk\", port 80 ...\nrequesting \"/henrietta.cgi?name=host&mode=default&tests=yes\" ...\nreading response ...\nHTTP/1.1 200 OK\nDate: Mon, 22 Dec 2014 01:25:57 GMT\nServer: Apache/2.2.29 (Unix) DAV/2 SVN/1.8.10 PHP/5.4.32 mod_fastcgi/2.4.6\nConnection: close\nContent-Length: 50\nContent-Type: text/plain\nreading files ...\n\n\nError: unrecognized file-information - possibly corrupt transmission: \"(error \\\"no such extension or version\\\" \\\"host\\\" #f)\"\n"
      0.0)
(host check-doc 1 "" 0.0)
(|"chicken.kitten-technologies.co.uk",|
  fetch
  1
  "/usr/bin/chicken-install -r  -prefix /home/alexej/code/readline/tags/2.2/salmonella-tmp-cd296/repo -test \"chicken.kitten-technologies.co.uk\",\nretrieving ...\nconnecting to host \"chicken.kitten-technologies.co.uk\", port 80 ...\nrequesting \"/henrietta.cgi?name=chicken.kitten-technologies.co.uk,&mode=default&tests=yes\" ...\nreading response ...\nHTTP/1.1 200 OK\nDate: Mon, 22 Dec 2014 01:25:58 GMT\nServer: Apache/2.2.29 (Unix) DAV/2 SVN/1.8.10 PHP/5.4.32 mod_fastcgi/2.4.6\nConnection: close\nContent-Length: 80\nContent-Type: text/plain\nreading files ...\n\n\nError: unrecognized file-information - possibly corrupt transmission: \"(error \\\"no such extension or version\\\" \\\"chicken.kitten-technologies.co.uk,\\\" ...\n"
  0.0)
(|"chicken.kitten-technologies.co.uk",| check-doc 1 "" 5.0)
(port fetch
      1
      "/usr/bin/chicken-install -r  -prefix /home/alexej/code/readline/tags/2.2/salmonella-tmp-cd296/repo -test port\nretrieving ...\nconnecting to host \"chicken.kitten-technologies.co.uk\", port 80 ...\nrequesting \"/henrietta.cgi?name=port&mode=default&tests=yes\" ...\nreading response ...\nHTTP/1.1 200 OK\nDate: Mon, 22 Dec 2014 01:26:04 GMT\nServer: Apache/2.2.29 (Unix) DAV/2 SVN/1.8.10 PHP/5.4.32 mod_fastcgi/2.4.6\nConnection: close\nContent-Length: 50\nContent-Type: text/plain\nreading files ...\n\n\nError: unrecognized file-information - possibly corrupt transmission: \"(error \\\"no such extension or version\\\" \\\"port\\\" #f)\"\n"
      0.0)
(port check-doc 1 "" 0.0)
(|80| fetch
      1
      "/usr/bin/chicken-install -r  -prefix /home/alexej/code/readline/tags/2.2/salmonella-tmp-cd296/repo -test 80\nretrieving ...\nconnecting to host \"chicken.kitten-technologies.co.uk\", port 80 ...\nrequesting \"/henrietta.cgi?name=80&mode=default&tests=yes\" ...\nreading response ...\nHTTP/1.1 200 OK\nDate: Mon, 22 Dec 2014 01:26:05 GMT\nServer: Apache/2.2.29 (Unix) DAV/2 SVN/1.8.10 PHP/5.4.32 mod_fastcgi/2.4.6\nConnection: close\nContent-Length: 48\nContent-Type: text/plain\nreading files ...\n\n\nError: unrecognized file-information - possibly corrupt transmission: \"(error \\\"no such extension or version\\\" \\\"80\\\" #f)\"\n"
      0.0)
(|80| check-doc 1 "" 0.0)
(... fetch
     1
     "/usr/bin/chicken-install -r  -prefix /home/alexej/code/readline/tags/2.2/salmonella-tmp-cd296/repo -test ...\nretrieving ...\nconnecting to host \"chicken.kitten-technologies.co.uk\", port 80 ...\nrequesting \"/henrietta.cgi?name=...&mode=default&tests=yes\" ...\nreading response ...\nHTTP/1.1 200 OK\nDate: Mon, 22 Dec 2014 01:26:06 GMT\nServer: Apache/2.2.29 (Unix) DAV/2 SVN/1.8.10 PHP/5.4.32 mod_fastcgi/2.4.6\nConnection: close\nContent-Length: 34\nContent-Type: text/plain\nreading files ...\n\n\nError: unrecognized file-information - possibly corrupt transmission: \"(error \\\"illegal egg name\\\" \\\"...\\\")\"\n"
     0.0)
